error: undefined
error: undefined
error: undefined
error: undefined
error: undefined
error: undefined
error: undefined
error: undefined
error: undefined
error: undefined
error: undefined
error: undefined
error: undefined
error: undefined
error: undefined
error: undefined
error: undefined
error: undefined
error: undefined
error: undefined
error: undefined
error: undefined {"kind":"date","path":"last_connection","reason":{"actual":false,"code":"ERR_ASSERTION","expected":true,"generatedMessage":true,"operator":"=="},"stringValue":"\"Invalid Date\"","value":null,"valueType":"Date"}
error: undefined
error: undefined {"kind":"date","path":"last_connection","reason":{"actual":false,"code":"ERR_ASSERTION","expected":true,"generatedMessage":true,"operator":"=="},"stringValue":"\"Invalid Date\"","value":null,"valueType":"Date"}
error: undefined
error: undefined
error: undefined
error: undefined {"code":"EENVELOPE","command":"API"}
error: undefined {"code":"EENVELOPE","command":"API"}
error: undefined {"_message":"messages validation failed","errors":{"email":{"kind":"required","message":"Path `email` is required.","name":"ValidatorError","path":"email","properties":{"message":"Path `email` is required.","path":"email","type":"required"}}}}
error: undefined {"_message":"messages validation failed","errors":{"email":{"kind":"required","message":"Path `email` is required.","name":"ValidatorError","path":"email","properties":{"message":"Path `email` is required.","path":"email","type":"required"}}}}
error: undefined {"_message":"messages validation failed","errors":{"email":{"kind":"required","message":"Path `email` is required.","name":"ValidatorError","path":"email","properties":{"message":"Path `email` is required.","path":"email","type":"required"}}}}
error: undefined {"kind":"ObjectId","path":"_id","reason":{},"stringValue":"\"{ _id: undefined }\"","value":{},"valueType":"Object"}
error: undefined {"kind":"ObjectId","path":"_id","reason":{},"stringValue":"\"{ _id: undefined }\"","value":{},"valueType":"Object"}
error: undefined {"kind":"ObjectId","path":"_id","reason":{},"stringValue":"\"{ _id: undefined }\"","value":{},"valueType":"Object"}
error: undefined
error: undefined
error: undefined
error: undefined
error: undefined
error: undefined
error: undefined
error: undefined
error: undefined
error: undefined
error: [object Object]
error: [object Object]
error: ReferenceError: MPitems is not defined
error: [object Object]
error: [object Object]
error: [object Object]
error: [object Object]
